<?xml version="1.0" encoding="UTF-8"?>
<testsuite name="com.example.myplugin.MyPluginTest" tests="1" skipped="0" failures="0" errors="0" timestamp="2025-08-15T20:00:48" hostname="macbookvonlucas.fritz.box" time="0.0">
  <properties/>
  <testcase name="basicTest()" classname="com.example.myplugin.MyPluginTest" time="0.0"/>
  <system-out><![CDATA[]]></system-out>
  <system-err><![CDATA[]]></system-err>
</testsuite>
